-------------------------------------------------------------------------------
Test set: org.example.testRunner.runners
-------------------------------------------------------------------------------
Tests run: 4, Failures: 4, Errors: 0, Skipped: 0, Time elapsed: 2.278 s <<< FAILURE! - in org.example.testRunner.runners
org.example.testRunner.runners.runScenario  Time elapsed: 0.102 s  <<< FAILURE!
io.cucumber.core.runner.DuplicateStepDefinitionException: Duplicate step definitions in org.example.stepDefs.D07_followUsStepDef.goRssOpen(java.lang.String) and org.example.stepDefs.D07_followUsStepDef.goTwitterOpen(java.lang.String)

org.example.testRunner.runners.runScenario  Time elapsed: 0.006 s  <<< FAILURE!
io.cucumber.core.runner.DuplicateStepDefinitionException: Duplicate step definitions in org.example.stepDefs.D07_followUsStepDef.goRssOpen(java.lang.String) and org.example.stepDefs.D07_followUsStepDef.goTwitterOpen(java.lang.String)

org.example.testRunner.runners.runScenario  Time elapsed: 0.007 s  <<< FAILURE!
io.cucumber.core.runner.DuplicateStepDefinitionException: Duplicate step definitions in org.example.stepDefs.D07_followUsStepDef.goRssOpen(java.lang.String) and org.example.stepDefs.D07_followUsStepDef.goTwitterOpen(java.lang.String)

org.example.testRunner.runners.runScenario  Time elapsed: 0.006 s  <<< FAILURE!
io.cucumber.core.runner.DuplicateStepDefinitionException: Duplicate step definitions in org.example.stepDefs.D07_followUsStepDef.goRssOpen(java.lang.String) and org.example.stepDefs.D07_followUsStepDef.goTwitterOpen(java.lang.String)

