<?xml version="1.0" encoding="UTF-8"?>
<testsuite xmlns:xsi="http://www.w3.org/2001/XMLSchema-instance" xsi:noNamespaceSchemaLocation="https://maven.apache.org/surefire/maven-surefire-plugin/xsd/surefire-test-report-3.0.xsd" version="3.0" name="org.example.testRunner.runners" time="340.376" tests="19" errors="0" skipped="0" failures="3">
  <properties>
[...]
</properties>
  <testcase name="runScenario" classname="org.example.testRunner.runners" time="13.428"/>
  <testcase name="runScenario" classname="org.example.testRunner.runners" time="11.316"/>
  <testcase name="runScenario" classname="org.example.testRunner.runners" time="10.077"/>
  <testcase name="runScenario" classname="org.example.testRunner.runners" time="9.615"/>
  <testcase name="runScenario" classname="org.example.testRunner.runners" time="9.354"/>
  <testcase name="runScenario" classname="org.example.testRunner.runners" time="9.443"/>
  <testcase name="runScenario" classname="org.example.testRunner.runners" time="9.914"/>
  <testcase name="runScenario" classname="org.example.testRunner.runners" time="22.061"/>
  <testcase name="runScenario" classname="org.example.testRunner.runners" time="22.009"/>
  <testcase name="runScenario" classname="org.example.testRunner.runners" time="23.558"/>
  <testcase name="runScenario" classname="org.example.testRunner.runners" time="23.166"/>
  <testcase name="runScenario" classname="org.example.testRunner.runners" time="9.211">
    <failure message="expected:&lt;...emo.nopcommerce.com/[]&gt; but was:&lt;...emo.nopcommerce.com/[nokia-lumia-1020]&gt;" type="org.junit.ComparisonFailure"><![CDATA[org.junit.ComparisonFailure: expected:<...emo.nopcommerce.com/[]> but was:<...emo.nopcommerce.com/[nokia-lumia-1020]>
]]></failure>
    <system-err><![CDATA[Starting ChromeDriver 104.0.5112.79 (3cf3e8c8a07d104b9e1260c910efb8f383285dc5-refs/branch-heads/5112@{#1307}) on port 53861
Only local connections are allowed.
Please see https://chromedriver.chromium.org/security-considerations for suggestions on keeping ChromeDriver safe.
ChromeDriver was started successfully.
Aug 09, 2022 12:26:23 PM org.openqa.selenium.remote.ProtocolHandshake createSession
INFO: Detected upstream dialect: W3C
Aug 09, 2022 12:26:23 PM org.openqa.selenium.devtools.CdpVersionFinder findNearestMatch
WARNING: Unable to find an exact match for CDP version 104, so returning the closest version found: 103
Aug 09, 2022 12:26:23 PM org.openqa.selenium.devtools.CdpVersionFinder findNearestMatch
INFO: Found CDP implementation for version 104 of 103
]]></system-err>
  </testcase>
  <testcase name="runScenario" classname="org.example.testRunner.runners" time="8.197">
    <failure message="expected:&lt;...emo.nopcommerce.com/[]&gt; but was:&lt;...emo.nopcommerce.com/[iphone-6]&gt;" type="org.junit.ComparisonFailure"><![CDATA[org.junit.ComparisonFailure: expected:<...emo.nopcommerce.com/[]> but was:<...emo.nopcommerce.com/[iphone-6]>
]]></failure>
    <system-err><![CDATA[Starting ChromeDriver 104.0.5112.79 (3cf3e8c8a07d104b9e1260c910efb8f383285dc5-refs/branch-heads/5112@{#1307}) on port 58493
Only local connections are allowed.
Please see https://chromedriver.chromium.org/security-considerations for suggestions on keeping ChromeDriver safe.
ChromeDriver was started successfully.
Aug 09, 2022 12:26:32 PM org.openqa.selenium.remote.ProtocolHandshake createSession
INFO: Detected upstream dialect: W3C
Aug 09, 2022 12:26:32 PM org.openqa.selenium.devtools.CdpVersionFinder findNearestMatch
WARNING: Unable to find an exact match for CDP version 104, so returning the closest version found: 103
Aug 09, 2022 12:26:32 PM org.openqa.selenium.devtools.CdpVersionFinder findNearestMatch
INFO: Found CDP implementation for version 104 of 103
]]></system-err>
  </testcase>
  <testcase name="runScenario" classname="org.example.testRunner.runners" time="13.435"/>
  <testcase name="runScenario" classname="org.example.testRunner.runners" time="50.091"/>
  <testcase name="runScenario" classname="org.example.testRunner.runners" time="18.054">
    <failure message="Index: 1, Size: 1" type="java.lang.IndexOutOfBoundsException"><![CDATA[java.lang.IndexOutOfBoundsException: Index: 1, Size: 1
]]></failure>
    <system-err><![CDATA[Starting ChromeDriver 104.0.5112.79 (3cf3e8c8a07d104b9e1260c910efb8f383285dc5-refs/branch-heads/5112@{#1307}) on port 49883
Only local connections are allowed.
Please see https://chromedriver.chromium.org/security-considerations for suggestions on keeping ChromeDriver safe.
ChromeDriver was started successfully.
Aug 09, 2022 12:27:44 PM org.openqa.selenium.remote.ProtocolHandshake createSession
INFO: Detected upstream dialect: W3C
Aug 09, 2022 12:27:44 PM org.openqa.selenium.devtools.CdpVersionFinder findNearestMatch
WARNING: Unable to find an exact match for CDP version 104, so returning the closest version found: 103
Aug 09, 2022 12:27:44 PM org.openqa.selenium.devtools.CdpVersionFinder findNearestMatch
INFO: Found CDP implementation for version 104 of 103
]]></system-err>
  </testcase>
  <testcase name="runScenario" classname="org.example.testRunner.runners" time="34.427"/>
  <testcase name="runScenario" classname="org.example.testRunner.runners" time="18.258"/>
  <testcase name="runScenario" classname="org.example.testRunner.runners" time="22.67"/>
</testsuite>